{"/Users/dandreknight/Desktop/cen4/Bit_by_Bit/Backend/index.js": {"path":"/Users/dandreknight/Desktop/cen4/Bit_by_Bit/Backend/index.js","statementMap":{"0":{"start":{"line":14,"column":0},"end":{"line":14,"column":16}},"1":{"start":{"line":15,"column":12},"end":{"line":15,"column":21}},"2":{"start":{"line":17,"column":0},"end":{"line":20,"column":4}},"3":{"start":{"line":22,"column":16},"end":{"line":29,"column":1}},"4":{"start":{"line":23,"column":0},"end":{"line":28,"column":3}},"5":{"start":{"line":24,"column":4},"end":{"line":24,"column":46}},"6":{"start":{"line":27,"column":4},"end":{"line":27,"column":16}},"7":{"start":{"line":31,"column":0},"end":{"line":33,"column":5}},"8":{"start":{"line":32,"column":4},"end":{"line":32,"column":40}},"9":{"start":{"line":34,"column":2},"end":{"line":36,"column":5}},"10":{"start":{"line":35,"column":4},"end":{"line":35,"column":37}},"11":{"start":{"line":38,"column":2},"end":{"line":38,"column":12}},"12":{"start":{"line":44,"column":2},"end":{"line":44,"column":26}},"13":{"start":{"line":45,"column":2},"end":{"line":45,"column":26}},"14":{"start":{"line":46,"column":2},"end":{"line":46,"column":30}},"15":{"start":{"line":47,"column":2},"end":{"line":47,"column":32}},"16":{"start":{"line":48,"column":2},"end":{"line":48,"column":38}},"17":{"start":{"line":49,"column":2},"end":{"line":49,"column":32}},"18":{"start":{"line":51,"column":2},"end":{"line":51,"column":49}},"19":{"start":{"line":54,"column":2},"end":{"line":54,"column":72}},"20":{"start":{"line":55,"column":2},"end":{"line":55,"column":26}},"21":{"start":{"line":56,"column":2},"end":{"line":56,"column":26}},"22":{"start":{"line":60,"column":2},"end":{"line":64,"column":5}},"23":{"start":{"line":61,"column":6},"end":{"line":63,"column":9}},"24":{"start":{"line":62,"column":8},"end":{"line":62,"column":43}}},"fnMap":{"0":{"name":"(anonymous_0)","decl":{"start":{"line":22,"column":16},"end":{"line":22,"column":17}},"loc":{"start":{"line":22,"column":28},"end":{"line":29,"column":1}},"line":22},"1":{"name":"(anonymous_1)","decl":{"start":{"line":31,"column":39},"end":{"line":31,"column":40}},"loc":{"start":{"line":31,"column":45},"end":{"line":33,"column":3}},"line":31},"2":{"name":"(anonymous_2)","decl":{"start":{"line":34,"column":38},"end":{"line":34,"column":39}},"loc":{"start":{"line":34,"column":44},"end":{"line":36,"column":3}},"line":34},"3":{"name":"(anonymous_3)","decl":{"start":{"line":61,"column":23},"end":{"line":61,"column":24}},"loc":{"start":{"line":61,"column":29},"end":{"line":63,"column":7}},"line":61}},"branchMap":{"0":{"loc":{"start":{"line":60,"column":2},"end":{"line":64,"column":5}},"type":"if","locations":[{"start":{"line":60,"column":2},"end":{"line":64,"column":5}},{"start":{},"end":{}}],"line":60}},"s":{"0":1,"1":1,"2":1,"3":1,"4":1,"5":1,"6":0,"7":1,"8":0,"9":1,"10":1,"11":1,"12":1,"13":1,"14":1,"15":1,"16":1,"17":1,"18":1,"19":1,"20":1,"21":1,"22":1,"23":0,"24":0},"f":{"0":1,"1":0,"2":1,"3":0},"b":{"0":[0,1]},"_coverageSchema":"1a1c01bbd47fc00a2c39e90264f33305004495a9","hash":"f6cff00a0642ca2f7c9c16e2a871ac8df89663fe"}
,"/Users/dandreknight/Desktop/cen4/Bit_by_Bit/Backend/controllers/auth.js": {"path":"/Users/dandreknight/Desktop/cen4/Bit_by_Bit/Backend/controllers/auth.js","statementMap":{"0":{"start":{"line":8,"column":30},"end":{"line":8,"column":33}},"1":{"start":{"line":11,"column":24},"end":{"line":34,"column":3}},"2":{"start":{"line":12,"column":4},"end":{"line":33,"column":5}},"3":{"start":{"line":14,"column":6},"end":{"line":16,"column":7}},"4":{"start":{"line":15,"column":8},"end":{"line":15,"column":96}},"5":{"start":{"line":19,"column":19},"end":{"line":19,"column":41}},"6":{"start":{"line":20,"column":19},"end":{"line":20,"column":59}},"7":{"start":{"line":23,"column":22},"end":{"line":27,"column":8}},"8":{"start":{"line":29,"column":6},"end":{"line":29,"column":27}},"9":{"start":{"line":30,"column":6},"end":{"line":30,"column":52}},"10":{"start":{"line":32,"column":6},"end":{"line":32,"column":16}},"11":{"start":{"line":36,"column":21},"end":{"line":65,"column":3}},"12":{"start":{"line":37,"column":4},"end":{"line":64,"column":5}},"13":{"start":{"line":39,"column":37},"end":{"line":39,"column":45}},"14":{"start":{"line":42,"column":6},"end":{"line":44,"column":7}},"15":{"start":{"line":43,"column":8},"end":{"line":43,"column":87}},"16":{"start":{"line":46,"column":19},"end":{"line":46,"column":51}},"17":{"start":{"line":47,"column":6},"end":{"line":47,"column":65}},"18":{"start":{"line":47,"column":17},"end":{"line":47,"column":65}},"19":{"start":{"line":49,"column":32},"end":{"line":49,"column":77}},"20":{"start":{"line":50,"column":6},"end":{"line":50,"column":78}},"21":{"start":{"line":50,"column":30},"end":{"line":50,"column":78}},"22":{"start":{"line":52,"column":20},"end":{"line":55,"column":7}},"23":{"start":{"line":57,"column":59},"end":{"line":57,"column":68}},"24":{"start":{"line":58,"column":6},"end":{"line":61,"column":35}},"25":{"start":{"line":63,"column":6},"end":{"line":63,"column":16}}},"fnMap":{"0":{"name":"(anonymous_0)","decl":{"start":{"line":11,"column":24},"end":{"line":11,"column":25}},"loc":{"start":{"line":11,"column":50},"end":{"line":34,"column":3}},"line":11},"1":{"name":"(anonymous_1)","decl":{"start":{"line":36,"column":21},"end":{"line":36,"column":22}},"loc":{"start":{"line":36,"column":47},"end":{"line":65,"column":3}},"line":36}},"branchMap":{"0":{"loc":{"start":{"line":14,"column":6},"end":{"line":16,"column":7}},"type":"if","locations":[{"start":{"line":14,"column":6},"end":{"line":16,"column":7}},{"start":{},"end":{}}],"line":14},"1":{"loc":{"start":{"line":14,"column":10},"end":{"line":14,"column":60}},"type":"binary-expr","locations":[{"start":{"line":14,"column":10},"end":{"line":14,"column":28}},{"start":{"line":14,"column":32},"end":{"line":14,"column":60}}],"line":14},"2":{"loc":{"start":{"line":42,"column":6},"end":{"line":44,"column":7}},"type":"if","locations":[{"start":{"line":42,"column":6},"end":{"line":44,"column":7}},{"start":{},"end":{}}],"line":42},"3":{"loc":{"start":{"line":42,"column":10},"end":{"line":42,"column":32}},"type":"binary-expr","locations":[{"start":{"line":42,"column":10},"end":{"line":42,"column":19}},{"start":{"line":42,"column":23},"end":{"line":42,"column":32}}],"line":42},"4":{"loc":{"start":{"line":47,"column":6},"end":{"line":47,"column":65}},"type":"if","locations":[{"start":{"line":47,"column":6},"end":{"line":47,"column":65}},{"start":{},"end":{}}],"line":47},"5":{"loc":{"start":{"line":50,"column":6},"end":{"line":50,"column":78}},"type":"if","locations":[{"start":{"line":50,"column":6},"end":{"line":50,"column":78}},{"start":{},"end":{}}],"line":50}},"s":{"0":1,"1":1,"2":3,"3":3,"4":1,"5":2,"6":2,"7":2,"8":2,"9":1,"10":1,"11":1,"12":5,"13":5,"14":5,"15":3,"16":2,"17":2,"18":1,"19":1,"20":1,"21":0,"22":1,"23":1,"24":1,"25":0},"f":{"0":3,"1":5},"b":{"0":[1,2],"1":[3,3],"2":[3,2],"3":[5,3],"4":[1,1],"5":[0,1]},"_coverageSchema":"1a1c01bbd47fc00a2c39e90264f33305004495a9","hash":"423b4a9c61c2ddcc26f2ede255f93a8248344bd0"}
,"/Users/dandreknight/Desktop/cen4/Bit_by_Bit/Backend/controllers/post.js": {"path":"/Users/dandreknight/Desktop/cen4/Bit_by_Bit/Backend/controllers/post.js","statementMap":{"0":{"start":{"line":6,"column":26},"end":{"line":29,"column":1}},"1":{"start":{"line":7,"column":2},"end":{"line":28,"column":3}},"2":{"start":{"line":8,"column":53},"end":{"line":8,"column":61}},"3":{"start":{"line":10,"column":20},"end":{"line":22,"column":6}},"4":{"start":{"line":24,"column":18},"end":{"line":24,"column":38}},"5":{"start":{"line":25,"column":4},"end":{"line":25,"column":32}},"6":{"start":{"line":27,"column":4},"end":{"line":27,"column":14}},"7":{"start":{"line":32,"column":26},"end":{"line":46,"column":1}},"8":{"start":{"line":33,"column":2},"end":{"line":45,"column":3}},"9":{"start":{"line":34,"column":17},"end":{"line":34,"column":51}},"10":{"start":{"line":35,"column":4},"end":{"line":35,"column":63}},"11":{"start":{"line":35,"column":15},"end":{"line":35,"column":63}},"12":{"start":{"line":37,"column":16},"end":{"line":37,"column":47}},"13":{"start":{"line":38,"column":4},"end":{"line":39,"column":35}},"14":{"start":{"line":38,"column":20},"end":{"line":38,"column":49}},"15":{"start":{"line":39,"column":9},"end":{"line":39,"column":35}},"16":{"start":{"line":41,"column":4},"end":{"line":41,"column":22}},"17":{"start":{"line":42,"column":4},"end":{"line":42,"column":55}},"18":{"start":{"line":44,"column":4},"end":{"line":44,"column":14}},"19":{"start":{"line":49,"column":26},"end":{"line":61,"column":1}},"20":{"start":{"line":50,"column":2},"end":{"line":60,"column":3}},"21":{"start":{"line":51,"column":17},"end":{"line":51,"column":51}},"22":{"start":{"line":52,"column":4},"end":{"line":52,"column":63}},"23":{"start":{"line":52,"column":15},"end":{"line":52,"column":63}},"24":{"start":{"line":54,"column":20},"end":{"line":54,"column":64}},"25":{"start":{"line":55,"column":4},"end":{"line":55,"column":32}},"26":{"start":{"line":56,"column":4},"end":{"line":56,"column":22}},"27":{"start":{"line":57,"column":4},"end":{"line":57,"column":34}},"28":{"start":{"line":59,"column":4},"end":{"line":59,"column":14}},"29":{"start":{"line":64,"column":27},"end":{"line":75,"column":1}},"30":{"start":{"line":65,"column":2},"end":{"line":74,"column":3}},"31":{"start":{"line":66,"column":18},"end":{"line":69,"column":46}},"32":{"start":{"line":71,"column":4},"end":{"line":71,"column":32}},"33":{"start":{"line":73,"column":4},"end":{"line":73,"column":14}},"34":{"start":{"line":78,"column":26},"end":{"line":93,"column":1}},"35":{"start":{"line":79,"column":2},"end":{"line":92,"column":3}},"36":{"start":{"line":80,"column":17},"end":{"line":80,"column":51}},"37":{"start":{"line":81,"column":4},"end":{"line":81,"column":63}},"38":{"start":{"line":81,"column":15},"end":{"line":81,"column":63}},"39":{"start":{"line":84,"column":4},"end":{"line":86,"column":5}},"40":{"start":{"line":85,"column":6},"end":{"line":85,"column":74}},"41":{"start":{"line":88,"column":4},"end":{"line":88,"column":27}},"42":{"start":{"line":89,"column":4},"end":{"line":89,"column":54}},"43":{"start":{"line":91,"column":4},"end":{"line":91,"column":14}},"44":{"start":{"line":96,"column":23},"end":{"line":107,"column":1}},"45":{"start":{"line":97,"column":2},"end":{"line":106,"column":3}},"46":{"start":{"line":98,"column":17},"end":{"line":100,"column":57}},"47":{"start":{"line":102,"column":4},"end":{"line":102,"column":63}},"48":{"start":{"line":102,"column":15},"end":{"line":102,"column":63}},"49":{"start":{"line":103,"column":4},"end":{"line":103,"column":31}},"50":{"start":{"line":105,"column":4},"end":{"line":105,"column":14}},"51":{"start":{"line":110,"column":24},"end":{"line":133,"column":1}},"52":{"start":{"line":111,"column":2},"end":{"line":132,"column":3}},"53":{"start":{"line":112,"column":26},"end":{"line":112,"column":36}},"54":{"start":{"line":113,"column":17},"end":{"line":113,"column":51}},"55":{"start":{"line":114,"column":4},"end":{"line":114,"column":63}},"56":{"start":{"line":114,"column":15},"end":{"line":114,"column":63}},"57":{"start":{"line":117,"column":20},"end":{"line":117,"column":47}},"58":{"start":{"line":118,"column":4},"end":{"line":118,"column":69}},"59":{"start":{"line":118,"column":18},"end":{"line":118,"column":69}},"60":{"start":{"line":121,"column":4},"end":{"line":124,"column":7}},"61":{"start":{"line":126,"column":4},"end":{"line":126,"column":22}},"62":{"start":{"line":128,"column":21},"end":{"line":128,"column":64}},"63":{"start":{"line":129,"column":4},"end":{"line":129,"column":35}},"64":{"start":{"line":131,"column":4},"end":{"line":131,"column":14}}},"fnMap":{"0":{"name":"(anonymous_0)","decl":{"start":{"line":6,"column":26},"end":{"line":6,"column":27}},"loc":{"start":{"line":6,"column":52},"end":{"line":29,"column":1}},"line":6},"1":{"name":"(anonymous_1)","decl":{"start":{"line":32,"column":26},"end":{"line":32,"column":27}},"loc":{"start":{"line":32,"column":52},"end":{"line":46,"column":1}},"line":32},"2":{"name":"(anonymous_2)","decl":{"start":{"line":49,"column":26},"end":{"line":49,"column":27}},"loc":{"start":{"line":49,"column":52},"end":{"line":61,"column":1}},"line":49},"3":{"name":"(anonymous_3)","decl":{"start":{"line":64,"column":27},"end":{"line":64,"column":28}},"loc":{"start":{"line":64,"column":53},"end":{"line":75,"column":1}},"line":64},"4":{"name":"(anonymous_4)","decl":{"start":{"line":78,"column":26},"end":{"line":78,"column":27}},"loc":{"start":{"line":78,"column":52},"end":{"line":93,"column":1}},"line":78},"5":{"name":"(anonymous_5)","decl":{"start":{"line":96,"column":23},"end":{"line":96,"column":24}},"loc":{"start":{"line":96,"column":49},"end":{"line":107,"column":1}},"line":96},"6":{"name":"(anonymous_6)","decl":{"start":{"line":110,"column":24},"end":{"line":110,"column":25}},"loc":{"start":{"line":110,"column":50},"end":{"line":133,"column":1}},"line":110}},"branchMap":{"0":{"loc":{"start":{"line":8,"column":35},"end":{"line":8,"column":48}},"type":"default-arg","locations":[{"start":{"line":8,"column":46},"end":{"line":8,"column":48}}],"line":8},"1":{"loc":{"start":{"line":15,"column":16},"end":{"line":15,"column":63}},"type":"cond-expr","locations":[{"start":{"line":15,"column":42},"end":{"line":15,"column":50}},{"start":{"line":15,"column":53},"end":{"line":15,"column":63}}],"line":15},"2":{"loc":{"start":{"line":16,"column":13},"end":{"line":18,"column":14}},"type":"cond-expr","locations":[{"start":{"line":17,"column":10},"end":{"line":17,"column":51}},{"start":{"line":18,"column":10},"end":{"line":18,"column":14}}],"line":16},"3":{"loc":{"start":{"line":19,"column":18},"end":{"line":21,"column":14}},"type":"cond-expr","locations":[{"start":{"line":20,"column":10},"end":{"line":20,"column":56}},{"start":{"line":21,"column":10},"end":{"line":21,"column":14}}],"line":19},"4":{"loc":{"start":{"line":35,"column":4},"end":{"line":35,"column":63}},"type":"if","locations":[{"start":{"line":35,"column":4},"end":{"line":35,"column":63}},{"start":{},"end":{}}],"line":35},"5":{"loc":{"start":{"line":38,"column":4},"end":{"line":39,"column":35}},"type":"if","locations":[{"start":{"line":38,"column":4},"end":{"line":39,"column":35}},{"start":{"line":39,"column":9},"end":{"line":39,"column":35}}],"line":38},"6":{"loc":{"start":{"line":52,"column":4},"end":{"line":52,"column":63}},"type":"if","locations":[{"start":{"line":52,"column":4},"end":{"line":52,"column":63}},{"start":{},"end":{}}],"line":52},"7":{"loc":{"start":{"line":81,"column":4},"end":{"line":81,"column":63}},"type":"if","locations":[{"start":{"line":81,"column":4},"end":{"line":81,"column":63}},{"start":{},"end":{}}],"line":81},"8":{"loc":{"start":{"line":84,"column":4},"end":{"line":86,"column":5}},"type":"if","locations":[{"start":{"line":84,"column":4},"end":{"line":86,"column":5}},{"start":{},"end":{}}],"line":84},"9":{"loc":{"start":{"line":102,"column":4},"end":{"line":102,"column":63}},"type":"if","locations":[{"start":{"line":102,"column":4},"end":{"line":102,"column":63}},{"start":{},"end":{}}],"line":102},"10":{"loc":{"start":{"line":114,"column":4},"end":{"line":114,"column":63}},"type":"if","locations":[{"start":{"line":114,"column":4},"end":{"line":114,"column":63}},{"start":{},"end":{}}],"line":114},"11":{"loc":{"start":{"line":118,"column":4},"end":{"line":118,"column":69}},"type":"if","locations":[{"start":{"line":118,"column":4},"end":{"line":118,"column":69}},{"start":{},"end":{}}],"line":118}},"s":{"0":1,"1":0,"2":0,"3":0,"4":0,"5":0,"6":0,"7":1,"8":0,"9":0,"10":0,"11":0,"12":0,"13":0,"14":0,"15":0,"16":0,"17":0,"18":0,"19":1,"20":0,"21":0,"22":0,"23":0,"24":0,"25":0,"26":0,"27":0,"28":0,"29":1,"30":0,"31":0,"32":0,"33":0,"34":1,"35":0,"36":0,"37":0,"38":0,"39":0,"40":0,"41":0,"42":0,"43":0,"44":1,"45":0,"46":0,"47":0,"48":0,"49":0,"50":0,"51":1,"52":0,"53":0,"54":0,"55":0,"56":0,"57":0,"58":0,"59":0,"60":0,"61":0,"62":0,"63":0,"64":0},"f":{"0":0,"1":0,"2":0,"3":0,"4":0,"5":0,"6":0},"b":{"0":[0],"1":[0,0],"2":[0,0],"3":[0,0],"4":[0,0],"5":[0,0],"6":[0,0],"7":[0,0],"8":[0,0],"9":[0,0],"10":[0,0],"11":[0,0]},"_coverageSchema":"1a1c01bbd47fc00a2c39e90264f33305004495a9","hash":"29f64398d48945d296d9087b63b24b1141cb2d0b"}
,"/Users/dandreknight/Desktop/cen4/Bit_by_Bit/Backend/controllers/user.js": {"path":"/Users/dandreknight/Desktop/cen4/Bit_by_Bit/Backend/controllers/user.js","statementMap":{"0":{"start":{"line":4,"column":26},"end":{"line":15,"column":1}},"1":{"start":{"line":5,"column":2},"end":{"line":14,"column":3}},"2":{"start":{"line":6,"column":24},"end":{"line":10,"column":5}},"3":{"start":{"line":11,"column":4},"end":{"line":11,"column":38}},"4":{"start":{"line":13,"column":4},"end":{"line":13,"column":14}},"5":{"start":{"line":16,"column":26},"end":{"line":23,"column":1}},"6":{"start":{"line":17,"column":2},"end":{"line":22,"column":3}},"7":{"start":{"line":18,"column":4},"end":{"line":18,"column":48}},"8":{"start":{"line":19,"column":4},"end":{"line":19,"column":51}},"9":{"start":{"line":21,"column":4},"end":{"line":21,"column":14}},"10":{"start":{"line":24,"column":23},"end":{"line":31,"column":1}},"11":{"start":{"line":25,"column":2},"end":{"line":30,"column":3}},"12":{"start":{"line":26,"column":17},"end":{"line":26,"column":51}},"13":{"start":{"line":27,"column":4},"end":{"line":27,"column":31}},"14":{"start":{"line":29,"column":4},"end":{"line":29,"column":14}},"15":{"start":{"line":32,"column":24},"end":{"line":39,"column":1}},"16":{"start":{"line":33,"column":2},"end":{"line":38,"column":3}},"17":{"start":{"line":34,"column":18},"end":{"line":34,"column":35}},"18":{"start":{"line":35,"column":4},"end":{"line":35,"column":32}},"19":{"start":{"line":37,"column":4},"end":{"line":37,"column":14}},"20":{"start":{"line":42,"column":32},"end":{"line":62,"column":1}},"21":{"start":{"line":43,"column":2},"end":{"line":61,"column":3}},"22":{"start":{"line":44,"column":19},"end":{"line":44,"column":32}},"23":{"start":{"line":46,"column":4},"end":{"line":48,"column":5}},"24":{"start":{"line":47,"column":6},"end":{"line":47,"column":54}},"25":{"start":{"line":50,"column":17},"end":{"line":50,"column":44}},"26":{"start":{"line":51,"column":4},"end":{"line":51,"column":63}},"27":{"start":{"line":51,"column":15},"end":{"line":51,"column":63}},"28":{"start":{"line":54,"column":4},"end":{"line":54,"column":54}},"29":{"start":{"line":55,"column":20},"end":{"line":55,"column":37}},"30":{"start":{"line":57,"column":34},"end":{"line":57,"column":46}},"31":{"start":{"line":58,"column":4},"end":{"line":58,"column":31}},"32":{"start":{"line":60,"column":4},"end":{"line":60,"column":14}}},"fnMap":{"0":{"name":"(anonymous_0)","decl":{"start":{"line":4,"column":26},"end":{"line":4,"column":27}},"loc":{"start":{"line":4,"column":48},"end":{"line":15,"column":1}},"line":4},"1":{"name":"(anonymous_1)","decl":{"start":{"line":16,"column":26},"end":{"line":16,"column":27}},"loc":{"start":{"line":16,"column":48},"end":{"line":23,"column":1}},"line":16},"2":{"name":"(anonymous_2)","decl":{"start":{"line":24,"column":23},"end":{"line":24,"column":24}},"loc":{"start":{"line":24,"column":45},"end":{"line":31,"column":1}},"line":24},"3":{"name":"(anonymous_3)","decl":{"start":{"line":32,"column":24},"end":{"line":32,"column":25}},"loc":{"start":{"line":32,"column":46},"end":{"line":39,"column":1}},"line":32},"4":{"name":"(anonymous_4)","decl":{"start":{"line":42,"column":32},"end":{"line":42,"column":33}},"loc":{"start":{"line":42,"column":58},"end":{"line":62,"column":1}},"line":42}},"branchMap":{"0":{"loc":{"start":{"line":46,"column":4},"end":{"line":48,"column":5}},"type":"if","locations":[{"start":{"line":46,"column":4},"end":{"line":48,"column":5}},{"start":{},"end":{}}],"line":46},"1":{"loc":{"start":{"line":46,"column":8},"end":{"line":46,"column":51}},"type":"binary-expr","locations":[{"start":{"line":46,"column":8},"end":{"line":46,"column":30}},{"start":{"line":46,"column":34},"end":{"line":46,"column":51}}],"line":46},"2":{"loc":{"start":{"line":51,"column":4},"end":{"line":51,"column":63}},"type":"if","locations":[{"start":{"line":51,"column":4},"end":{"line":51,"column":63}},{"start":{},"end":{}}],"line":51}},"s":{"0":1,"1":0,"2":0,"3":0,"4":0,"5":1,"6":0,"7":0,"8":0,"9":0,"10":1,"11":0,"12":0,"13":0,"14":0,"15":1,"16":0,"17":0,"18":0,"19":0,"20":1,"21":0,"22":0,"23":0,"24":0,"25":0,"26":0,"27":0,"28":0,"29":0,"30":0,"31":0,"32":0},"f":{"0":0,"1":0,"2":0,"3":0,"4":0},"b":{"0":[0,0],"1":[0,0],"2":[0,0]},"_coverageSchema":"1a1c01bbd47fc00a2c39e90264f33305004495a9","hash":"ebc7b1bd60a719a9345bd78bd5a2bb4fb2cd5589"}
,"/Users/dandreknight/Desktop/cen4/Bit_by_Bit/Backend/models/Post.js": {"path":"/Users/dandreknight/Desktop/cen4/Bit_by_Bit/Backend/models/Post.js","statementMap":{"0":{"start":{"line":3,"column":19},"end":{"line":53,"column":1}}},"fnMap":{},"branchMap":{},"s":{"0":1},"f":{},"b":{},"_coverageSchema":"1a1c01bbd47fc00a2c39e90264f33305004495a9","hash":"da0d5e4d51dbde31209d558ecd2ea852dc5f5de9"}
,"/Users/dandreknight/Desktop/cen4/Bit_by_Bit/Backend/models/User.js": {"path":"/Users/dandreknight/Desktop/cen4/Bit_by_Bit/Backend/models/User.js","statementMap":{"0":{"start":{"line":3,"column":19},"end":{"line":29,"column":1}}},"fnMap":{},"branchMap":{},"s":{"0":1},"f":{},"b":{},"_coverageSchema":"1a1c01bbd47fc00a2c39e90264f33305004495a9","hash":"7be27dcf903efe378e5c60337dd3a07ba2060a87"}
,"/Users/dandreknight/Desktop/cen4/Bit_by_Bit/Backend/routes/auth.js": {"path":"/Users/dandreknight/Desktop/cen4/Bit_by_Bit/Backend/routes/auth.js","statementMap":{"0":{"start":{"line":6,"column":15},"end":{"line":6,"column":31}},"1":{"start":{"line":8,"column":0},"end":{"line":8,"column":34}},"2":{"start":{"line":9,"column":0},"end":{"line":9,"column":28}}},"fnMap":{},"branchMap":{},"s":{"0":1,"1":1,"2":1},"f":{},"b":{},"_coverageSchema":"1a1c01bbd47fc00a2c39e90264f33305004495a9","hash":"a9f3eeff035e799ddfd5d0ad61f813f77be4f6da"}
,"/Users/dandreknight/Desktop/cen4/Bit_by_Bit/Backend/routes/comments.js": {"path":"/Users/dandreknight/Desktop/cen4/Bit_by_Bit/Backend/routes/comments.js","statementMap":{"0":{"start":{"line":4,"column":15},"end":{"line":4,"column":31}},"1":{"start":{"line":6,"column":0},"end":{"line":8,"column":3}},"2":{"start":{"line":7,"column":4},"end":{"line":7,"column":46}}},"fnMap":{"0":{"name":"(anonymous_0)","decl":{"start":{"line":6,"column":16},"end":{"line":6,"column":17}},"loc":{"start":{"line":6,"column":30},"end":{"line":8,"column":1}},"line":6}},"branchMap":{},"s":{"0":1,"1":1,"2":0},"f":{"0":0},"b":{},"_coverageSchema":"1a1c01bbd47fc00a2c39e90264f33305004495a9","hash":"aa9bfcf0edfad28d64434c7ce405f0cc3fddff63"}
,"/Users/dandreknight/Desktop/cen4/Bit_by_Bit/Backend/routes/posts.js": {"path":"/Users/dandreknight/Desktop/cen4/Bit_by_Bit/Backend/routes/posts.js","statementMap":{"0":{"start":{"line":17,"column":15},"end":{"line":17,"column":31}},"1":{"start":{"line":20,"column":16},"end":{"line":24,"column":2}},"2":{"start":{"line":21,"column":34},"end":{"line":21,"column":54}},"3":{"start":{"line":23,"column":4},"end":{"line":23,"column":50}},"4":{"start":{"line":25,"column":15},"end":{"line":25,"column":34}},"5":{"start":{"line":28,"column":0},"end":{"line":28,"column":42}},"6":{"start":{"line":29,"column":0},"end":{"line":29,"column":41}},"7":{"start":{"line":31,"column":0},"end":{"line":39,"column":2}},"8":{"start":{"line":42,"column":0},"end":{"line":42,"column":49}},"9":{"start":{"line":45,"column":0},"end":{"line":45,"column":53}},"10":{"start":{"line":46,"column":0},"end":{"line":46,"column":68}},"11":{"start":{"line":49,"column":0},"end":{"line":49,"column":47}}},"fnMap":{"0":{"name":"(anonymous_0)","decl":{"start":{"line":21,"column":15},"end":{"line":21,"column":16}},"loc":{"start":{"line":21,"column":34},"end":{"line":21,"column":54}},"line":21},"1":{"name":"(anonymous_1)","decl":{"start":{"line":22,"column":12},"end":{"line":22,"column":13}},"loc":{"start":{"line":23,"column":4},"end":{"line":23,"column":50}},"line":23}},"branchMap":{},"s":{"0":1,"1":1,"2":0,"3":0,"4":1,"5":1,"6":1,"7":1,"8":1,"9":1,"10":1,"11":1},"f":{"0":0,"1":0},"b":{},"_coverageSchema":"1a1c01bbd47fc00a2c39e90264f33305004495a9","hash":"32cda0dcc5e361782a0887454c617aa2b6bad7ea"}
,"/Users/dandreknight/Desktop/cen4/Bit_by_Bit/Backend/routes/users.js": {"path":"/Users/dandreknight/Desktop/cen4/Bit_by_Bit/Backend/routes/users.js","statementMap":{"0":{"start":{"line":16,"column":15},"end":{"line":16,"column":31}},"1":{"start":{"line":19,"column":16},"end":{"line":23,"column":2}},"2":{"start":{"line":20,"column":34},"end":{"line":20,"column":54}},"3":{"start":{"line":22,"column":4},"end":{"line":22,"column":50}},"4":{"start":{"line":24,"column":15},"end":{"line":24,"column":34}},"5":{"start":{"line":27,"column":0},"end":{"line":29,"column":3}},"6":{"start":{"line":28,"column":2},"end":{"line":28,"column":44}},"7":{"start":{"line":30,"column":0},"end":{"line":32,"column":3}},"8":{"start":{"line":31,"column":2},"end":{"line":31,"column":72}},"9":{"start":{"line":33,"column":0},"end":{"line":35,"column":3}},"10":{"start":{"line":34,"column":2},"end":{"line":34,"column":72}},"11":{"start":{"line":39,"column":0},"end":{"line":48,"column":3}},"12":{"start":{"line":40,"column":2},"end":{"line":47,"column":3}},"13":{"start":{"line":41,"column":18},"end":{"line":43,"column":30}},"14":{"start":{"line":44,"column":4},"end":{"line":44,"column":32}},"15":{"start":{"line":46,"column":4},"end":{"line":46,"column":14}},"16":{"start":{"line":52,"column":0},"end":{"line":57,"column":2}},"17":{"start":{"line":60,"column":0},"end":{"line":60,"column":43}},"18":{"start":{"line":61,"column":0},"end":{"line":61,"column":46}},"19":{"start":{"line":62,"column":0},"end":{"line":62,"column":40}},"20":{"start":{"line":63,"column":0},"end":{"line":63,"column":39}}},"fnMap":{"0":{"name":"(anonymous_0)","decl":{"start":{"line":20,"column":15},"end":{"line":20,"column":16}},"loc":{"start":{"line":20,"column":34},"end":{"line":20,"column":54}},"line":20},"1":{"name":"(anonymous_1)","decl":{"start":{"line":21,"column":12},"end":{"line":21,"column":13}},"loc":{"start":{"line":22,"column":4},"end":{"line":22,"column":50}},"line":22},"2":{"name":"(anonymous_2)","decl":{"start":{"line":27,"column":48},"end":{"line":27,"column":49}},"loc":{"start":{"line":27,"column":62},"end":{"line":29,"column":1}},"line":27},"3":{"name":"(anonymous_3)","decl":{"start":{"line":30,"column":41},"end":{"line":30,"column":42}},"loc":{"start":{"line":30,"column":55},"end":{"line":32,"column":1}},"line":30},"4":{"name":"(anonymous_4)","decl":{"start":{"line":33,"column":43},"end":{"line":33,"column":44}},"loc":{"start":{"line":33,"column":57},"end":{"line":35,"column":1}},"line":33},"5":{"name":"(anonymous_5)","decl":{"start":{"line":39,"column":35},"end":{"line":39,"column":36}},"loc":{"start":{"line":39,"column":61},"end":{"line":48,"column":1}},"line":39}},"branchMap":{},"s":{"0":1,"1":1,"2":0,"3":0,"4":1,"5":1,"6":0,"7":1,"8":0,"9":1,"10":0,"11":1,"12":0,"13":0,"14":0,"15":0,"16":1,"17":1,"18":1,"19":1,"20":1},"f":{"0":0,"1":0,"2":0,"3":0,"4":0,"5":0},"b":{},"_coverageSchema":"1a1c01bbd47fc00a2c39e90264f33305004495a9","hash":"c904d5fef827382c431b23c21c7a4be2fa7928c9"}
,"/Users/dandreknight/Desktop/cen4/Bit_by_Bit/Backend/utils/error.js": {"path":"/Users/dandreknight/Desktop/cen4/Bit_by_Bit/Backend/utils/error.js","statementMap":{"0":{"start":{"line":1,"column":27},"end":{"line":6,"column":1}},"1":{"start":{"line":2,"column":16},"end":{"line":2,"column":27}},"2":{"start":{"line":3,"column":4},"end":{"line":3,"column":23}},"3":{"start":{"line":4,"column":4},"end":{"line":4,"column":24}},"4":{"start":{"line":5,"column":4},"end":{"line":5,"column":15}}},"fnMap":{"0":{"name":"(anonymous_0)","decl":{"start":{"line":1,"column":27},"end":{"line":1,"column":28}},"loc":{"start":{"line":1,"column":46},"end":{"line":6,"column":1}},"line":1}},"branchMap":{},"s":{"0":1,"1":1,"2":1,"3":1,"4":1},"f":{"0":1},"b":{},"_coverageSchema":"1a1c01bbd47fc00a2c39e90264f33305004495a9","hash":"7cc702ae79c6a7edcac4da5ab54d0f9bd63d5bae"}
,"/Users/dandreknight/Desktop/cen4/Bit_by_Bit/Backend/utils/verifyToken.js": {"path":"/Users/dandreknight/Desktop/cen4/Bit_by_Bit/Backend/utils/verifyToken.js","statementMap":{"0":{"start":{"line":4,"column":27},"end":{"line":15,"column":1}},"1":{"start":{"line":5,"column":16},"end":{"line":5,"column":40}},"2":{"start":{"line":6,"column":2},"end":{"line":8,"column":3}},"3":{"start":{"line":7,"column":4},"end":{"line":7,"column":64}},"4":{"start":{"line":10,"column":2},"end":{"line":14,"column":5}},"5":{"start":{"line":11,"column":4},"end":{"line":11,"column":66}},"6":{"start":{"line":11,"column":13},"end":{"line":11,"column":66}},"7":{"start":{"line":12,"column":4},"end":{"line":12,"column":20}},"8":{"start":{"line":13,"column":4},"end":{"line":13,"column":11}},"9":{"start":{"line":17,"column":26},"end":{"line":25,"column":1}},"10":{"start":{"line":18,"column":2},"end":{"line":24,"column":5}},"11":{"start":{"line":19,"column":4},"end":{"line":23,"column":5}},"12":{"start":{"line":20,"column":6},"end":{"line":20,"column":13}},"13":{"start":{"line":22,"column":6},"end":{"line":22,"column":63}},"14":{"start":{"line":28,"column":27},"end":{"line":36,"column":1}},"15":{"start":{"line":29,"column":2},"end":{"line":35,"column":5}},"16":{"start":{"line":30,"column":4},"end":{"line":34,"column":5}},"17":{"start":{"line":31,"column":6},"end":{"line":31,"column":13}},"18":{"start":{"line":33,"column":6},"end":{"line":33,"column":63}}},"fnMap":{"0":{"name":"(anonymous_0)","decl":{"start":{"line":4,"column":27},"end":{"line":4,"column":28}},"loc":{"start":{"line":4,"column":47},"end":{"line":15,"column":1}},"line":4},"1":{"name":"(anonymous_1)","decl":{"start":{"line":10,"column":37},"end":{"line":10,"column":38}},"loc":{"start":{"line":10,"column":52},"end":{"line":14,"column":3}},"line":10},"2":{"name":"(anonymous_2)","decl":{"start":{"line":17,"column":26},"end":{"line":17,"column":27}},"loc":{"start":{"line":17,"column":46},"end":{"line":25,"column":1}},"line":17},"3":{"name":"(anonymous_3)","decl":{"start":{"line":18,"column":30},"end":{"line":18,"column":31}},"loc":{"start":{"line":18,"column":36},"end":{"line":24,"column":3}},"line":18},"4":{"name":"(anonymous_4)","decl":{"start":{"line":28,"column":27},"end":{"line":28,"column":28}},"loc":{"start":{"line":28,"column":47},"end":{"line":36,"column":1}},"line":28},"5":{"name":"(anonymous_5)","decl":{"start":{"line":29,"column":30},"end":{"line":29,"column":31}},"loc":{"start":{"line":29,"column":36},"end":{"line":35,"column":3}},"line":29}},"branchMap":{"0":{"loc":{"start":{"line":6,"column":2},"end":{"line":8,"column":3}},"type":"if","locations":[{"start":{"line":6,"column":2},"end":{"line":8,"column":3}},{"start":{},"end":{}}],"line":6},"1":{"loc":{"start":{"line":11,"column":4},"end":{"line":11,"column":66}},"type":"if","locations":[{"start":{"line":11,"column":4},"end":{"line":11,"column":66}},{"start":{},"end":{}}],"line":11},"2":{"loc":{"start":{"line":19,"column":4},"end":{"line":23,"column":5}},"type":"if","locations":[{"start":{"line":19,"column":4},"end":{"line":23,"column":5}},{"start":{"line":21,"column":11},"end":{"line":23,"column":5}}],"line":19},"3":{"loc":{"start":{"line":19,"column":8},"end":{"line":19,"column":57}},"type":"binary-expr","locations":[{"start":{"line":19,"column":8},"end":{"line":19,"column":37}},{"start":{"line":19,"column":41},"end":{"line":19,"column":57}}],"line":19},"4":{"loc":{"start":{"line":30,"column":4},"end":{"line":34,"column":5}},"type":"if","locations":[{"start":{"line":30,"column":4},"end":{"line":34,"column":5}},{"start":{"line":32,"column":11},"end":{"line":34,"column":5}}],"line":30}},"s":{"0":1,"1":0,"2":0,"3":0,"4":0,"5":0,"6":0,"7":0,"8":0,"9":1,"10":0,"11":0,"12":0,"13":0,"14":1,"15":0,"16":0,"17":0,"18":0},"f":{"0":0,"1":0,"2":0,"3":0,"4":0,"5":0},"b":{"0":[0,0],"1":[0,0],"2":[0,0],"3":[0,0],"4":[0,0]},"_coverageSchema":"1a1c01bbd47fc00a2c39e90264f33305004495a9","hash":"c3a288703b9e80cdbdf1e60efc1f6fff03f6cfa9"}
}
