TN:
SF:index.js
FN:22,(anonymous_0)
FN:31,(anonymous_1)
FN:34,(anonymous_2)
FN:61,(anonymous_3)
FNF:4
FNH:2
FNDA:1,(anonymous_0)
FNDA:0,(anonymous_1)
FNDA:1,(anonymous_2)
FNDA:0,(anonymous_3)
DA:14,1
DA:15,1
DA:17,1
DA:22,1
DA:23,1
DA:24,1
DA:27,0
DA:31,1
DA:32,0
DA:34,1
DA:35,1
DA:38,1
DA:44,1
DA:45,1
DA:46,1
DA:47,1
DA:48,1
DA:49,1
DA:51,1
DA:54,1
DA:55,1
DA:56,1
DA:60,1
DA:61,0
DA:62,0
LF:25
LH:21
BRDA:60,0,0,0
BRDA:60,0,1,1
BRF:2
BRH:1
end_of_record
TN:
SF:controllers/auth.js
FN:11,(anonymous_0)
FN:36,(anonymous_1)
FNF:2
FNH:2
FNDA:3,(anonymous_0)
FNDA:5,(anonymous_1)
DA:8,1
DA:11,1
DA:12,3
DA:14,3
DA:15,1
DA:19,2
DA:20,2
DA:23,2
DA:29,2
DA:30,1
DA:32,1
DA:36,1
DA:37,5
DA:39,5
DA:42,5
DA:43,3
DA:46,2
DA:47,2
DA:49,1
DA:50,1
DA:52,1
DA:57,1
DA:58,1
DA:63,0
LF:24
LH:23
BRDA:14,0,0,1
BRDA:14,0,1,2
BRDA:14,1,0,3
BRDA:14,1,1,3
BRDA:42,2,0,3
BRDA:42,2,1,2
BRDA:42,3,0,5
BRDA:42,3,1,3
BRDA:47,4,0,1
BRDA:47,4,1,1
BRDA:50,5,0,0
BRDA:50,5,1,1
BRF:12
BRH:11
end_of_record
TN:
SF:controllers/post.js
FN:6,(anonymous_0)
FN:32,(anonymous_1)
FN:49,(anonymous_2)
FN:64,(anonymous_3)
FN:78,(anonymous_4)
FN:96,(anonymous_5)
FN:110,(anonymous_6)
FNF:7
FNH:0
FNDA:0,(anonymous_0)
FNDA:0,(anonymous_1)
FNDA:0,(anonymous_2)
FNDA:0,(anonymous_3)
FNDA:0,(anonymous_4)
FNDA:0,(anonymous_5)
FNDA:0,(anonymous_6)
DA:6,1
DA:7,0
DA:8,0
DA:10,0
DA:24,0
DA:25,0
DA:27,0
DA:32,1
DA:33,0
DA:34,0
DA:35,0
DA:37,0
DA:38,0
DA:39,0
DA:41,0
DA:42,0
DA:44,0
DA:49,1
DA:50,0
DA:51,0
DA:52,0
DA:54,0
DA:55,0
DA:56,0
DA:57,0
DA:59,0
DA:64,1
DA:65,0
DA:66,0
DA:71,0
DA:73,0
DA:78,1
DA:79,0
DA:80,0
DA:81,0
DA:84,0
DA:85,0
DA:88,0
DA:89,0
DA:91,0
DA:96,1
DA:97,0
DA:98,0
DA:102,0
DA:103,0
DA:105,0
DA:110,1
DA:111,0
DA:112,0
DA:113,0
DA:114,0
DA:117,0
DA:118,0
DA:121,0
DA:126,0
DA:128,0
DA:129,0
DA:131,0
LF:58
LH:7
BRDA:8,0,0,0
BRDA:15,1,0,0
BRDA:15,1,1,0
BRDA:16,2,0,0
BRDA:16,2,1,0
BRDA:19,3,0,0
BRDA:19,3,1,0
BRDA:35,4,0,0
BRDA:35,4,1,0
BRDA:38,5,0,0
BRDA:38,5,1,0
BRDA:52,6,0,0
BRDA:52,6,1,0
BRDA:81,7,0,0
BRDA:81,7,1,0
BRDA:84,8,0,0
BRDA:84,8,1,0
BRDA:102,9,0,0
BRDA:102,9,1,0
BRDA:114,10,0,0
BRDA:114,10,1,0
BRDA:118,11,0,0
BRDA:118,11,1,0
BRF:23
BRH:0
end_of_record
TN:
SF:controllers/user.js
FN:4,(anonymous_0)
FN:16,(anonymous_1)
FN:24,(anonymous_2)
FN:32,(anonymous_3)
FN:42,(anonymous_4)
FNF:5
FNH:0
FNDA:0,(anonymous_0)
FNDA:0,(anonymous_1)
FNDA:0,(anonymous_2)
FNDA:0,(anonymous_3)
FNDA:0,(anonymous_4)
DA:4,1
DA:5,0
DA:6,0
DA:11,0
DA:13,0
DA:16,1
DA:17,0
DA:18,0
DA:19,0
DA:21,0
DA:24,1
DA:25,0
DA:26,0
DA:27,0
DA:29,0
DA:32,1
DA:33,0
DA:34,0
DA:35,0
DA:37,0
DA:42,1
DA:43,0
DA:44,0
DA:46,0
DA:47,0
DA:50,0
DA:51,0
DA:54,0
DA:55,0
DA:57,0
DA:58,0
DA:60,0
LF:32
LH:5
BRDA:46,0,0,0
BRDA:46,0,1,0
BRDA:46,1,0,0
BRDA:46,1,1,0
BRDA:51,2,0,0
BRDA:51,2,1,0
BRF:6
BRH:0
end_of_record
TN:
SF:models/Post.js
FNF:0
FNH:0
DA:3,1
LF:1
LH:1
BRF:0
BRH:0
end_of_record
TN:
SF:models/User.js
FNF:0
FNH:0
DA:3,1
LF:1
LH:1
BRF:0
BRH:0
end_of_record
TN:
SF:routes/auth.js
FNF:0
FNH:0
DA:6,1
DA:8,1
DA:9,1
LF:3
LH:3
BRF:0
BRH:0
end_of_record
TN:
SF:routes/comments.js
FN:6,(anonymous_0)
FNF:1
FNH:0
FNDA:0,(anonymous_0)
DA:4,1
DA:6,1
DA:7,0
LF:3
LH:2
BRF:0
BRH:0
end_of_record
TN:
SF:routes/posts.js
FN:21,(anonymous_0)
FN:22,(anonymous_1)
FNF:2
FNH:0
FNDA:0,(anonymous_0)
FNDA:0,(anonymous_1)
DA:17,1
DA:20,1
DA:21,0
DA:23,0
DA:25,1
DA:28,1
DA:29,1
DA:31,1
DA:42,1
DA:45,1
DA:46,1
DA:49,1
LF:12
LH:10
BRF:0
BRH:0
end_of_record
TN:
SF:routes/users.js
FN:20,(anonymous_0)
FN:21,(anonymous_1)
FN:27,(anonymous_2)
FN:30,(anonymous_3)
FN:33,(anonymous_4)
FN:39,(anonymous_5)
FNF:6
FNH:0
FNDA:0,(anonymous_0)
FNDA:0,(anonymous_1)
FNDA:0,(anonymous_2)
FNDA:0,(anonymous_3)
FNDA:0,(anonymous_4)
FNDA:0,(anonymous_5)
DA:16,1
DA:19,1
DA:20,0
DA:22,0
DA:24,1
DA:27,1
DA:28,0
DA:30,1
DA:31,0
DA:33,1
DA:34,0
DA:39,1
DA:40,0
DA:41,0
DA:44,0
DA:46,0
DA:52,1
DA:60,1
DA:61,1
DA:62,1
DA:63,1
LF:21
LH:12
BRF:0
BRH:0
end_of_record
TN:
SF:utils/error.js
FN:1,(anonymous_0)
FNF:1
FNH:1
FNDA:1,(anonymous_0)
DA:1,1
DA:2,1
DA:3,1
DA:4,1
DA:5,1
LF:5
LH:5
BRF:0
BRH:0
end_of_record
TN:
SF:utils/verifyToken.js
FN:4,(anonymous_0)
FN:10,(anonymous_1)
FN:17,(anonymous_2)
FN:18,(anonymous_3)
FN:28,(anonymous_4)
FN:29,(anonymous_5)
FNF:6
FNH:0
FNDA:0,(anonymous_0)
FNDA:0,(anonymous_1)
FNDA:0,(anonymous_2)
FNDA:0,(anonymous_3)
FNDA:0,(anonymous_4)
FNDA:0,(anonymous_5)
DA:4,1
DA:5,0
DA:6,0
DA:7,0
DA:10,0
DA:11,0
DA:12,0
DA:13,0
DA:17,1
DA:18,0
DA:19,0
DA:20,0
DA:22,0
DA:28,1
DA:29,0
DA:30,0
DA:31,0
DA:33,0
LF:18
LH:3
BRDA:6,0,0,0
BRDA:6,0,1,0
BRDA:11,1,0,0
BRDA:11,1,1,0
BRDA:19,2,0,0
BRDA:19,2,1,0
BRDA:19,3,0,0
BRDA:19,3,1,0
BRDA:30,4,0,0
BRDA:30,4,1,0
BRF:10
BRH:0
end_of_record
